2 8890 4796
2 8670 7206
2 2384 6517
2 7468 1855
2 7013 8563
2 1135 5903
2 8773 9287
2 7227 5071
2 2418 1880
2 3654 2887
2 8227 6527
2 9121 4027
2 7716 2053
3 6252 6544 8605
3 719 1817 7773
2 2176 4941
3 4679 8306 5067
2 6321 4471
3 563 8071 9803
3 1178 3760 5553
2 3647 3560
2 3321 6753
3 7109 9925 5513
2 7948 7433
3 3578 5441 9346
3 3696 8303 9359
3 6031 9483 9360
3 9550 2212 2288
3 6403 4411 872
3 2015 3936 5059
2 6039 1339
2 4829 1159
2 5991 5226
3 7913 7444 7122
2 2736 978
3 1105 8192 5886
3 8758 3381 9515
3 311 7464 5478
3 9913 9252 8402
2 7325 7581
2 3202 7632
3 8878 3614 3709
2 9459 2528
4 9449 9251 2486 5444
3 5649 9377 7147
3 8184 1376 1190
2 3358 6686
2 8965 1000
3 8578 6190 1546
3 1563 8968 1114
4 7862 1208 1061 8047
2 3708 492
2 8967 7678
4 549 7779 1023 6463
19 1776 8271 1734 8440 2167 9065 5241 5847 9687 9160 7627 5479 6124 7658 5365 3676 6158 6994 579
20 2735 6952 4414 4815 497 9135 921 8851 8857 6680 7788 7330 5164 7699 1542 323 9861 2300 685 7393
4 4948 3362 1319 6834
2 1192 2758
2 9927 820
3 4644 4070 2951
2 5480 8824
2 7575 8727
20 3580 4475 5034 4080 4666 6526 7191 5008 6596 5608 6306 4000 8077 6256 1333 1354 5895 3143 3853 8740
19 3090 9291 3208 825 4973 1365 1537 9833 7924 194 7125 5326 2214 588 4678 4172 5138 8538 301
4 768 4352 4006 4317
8 7957 8086 7846 3833 4493 8245 1037 8422
3 6912 1067 3729
25 1209 9207 2838 5771 6360 5756 4652 4403 1745 1942 1930 196 6165 4128 2413 2462 7747 2811 7589 1813 7992 9294 3679 3975 3719
19 1560 9187 8376 3017 4657 8609 5952 189 5394 2933 9444 9533 2615 558 6075 4998 148 3179 2509
11 9313 5902 8435 9109 8173 5382 408 1411 6600 3705 2669
31 5934 610 2899 9316 3073 1503 6764 4587 6584 85 6784 7187 4113 7794 9508 9879 7743 42 2913 220 6812 4142 1124 3567 4269 4242 2847 5123 6948 9638 6605
24 3055 3168 8323 150 3199 3220 8421 8806 629 2415 6681 1464 2154 5484 7340 1806 3472 8056 4240 5960 7563 5485 2830 1380
2 2573 4557
32 6466 3239 7704 6804 1527 615 8682 922 6216 4593 7595 1412 1309 5907 2034 5314 7021 1982 34 7871 5186 3523 888 2392 518 8643 6955 4904 4310 7251 3838 2611
14 5018 9670 3430 318 313 767 8373 9436 9372 1706 4181 229 4337 2747
30 4058 1815 2748 1121 6836 8146 8766 3112 3057 3775 8300 9516 929 4426 912 4675 8532 5506 1622 6626 9839 4671 5827 1657 9984 8976 1137 5265 6006 3528
3 2297 9044 9520
2 3608 2939
5 4758 4098 2717 3225 5969
29 1273 2278 4546 4421 989 9634 9190 9209 2385 1511 9900 8407 4209 5700 1921 6891 8540 3448 8247 9119 6284 4680 1788 2827 5011 9711 7951 421 3289
3 666 2346 3088
6 7929 113 2523 4629 2541 1284
25 8292 4882 3384 730 8816 7434 5433 4326 1436 847 4147 561 3494 510 5383 5840 1816 5066 8095 4983 8468 5544 998 4556 4490
22 4309 2507 7319 5920 3022 4024 7682 8761 4857 1282 5532 3828 5738 2549 1462 6355 4931 6019 1858 3229 822 2609
30 1867 1879 9246 3068 9382 1580 9871 1222 3732 7041 9962 9912 5105 484 9987 3404 9278 2567 7923 336 418 4766 9594 5024 988 5596 2870 1359 4592 2897
14 2519 2429 9503 47 1430 5437 8895 3163 693 798 1763 7815 8913 437
16 6381 1724 9137 4154 3594 5815 7150 5910 4772 1286 5589 1610 9840 8230 4811 1562
5 5970 5402 6208 4588 6143
18 9563 8587 5654 5017 1755 9341 5457 2680 7754 8334 5168 9153 3296 548 9540 1849 18 9878
23 6822 7711 1689 1010 9485 9002 4139 1239 7513 1297 1875 2599 8576 1435 441 1780 393 5834 652 6300 4476 8879 3310
24 5324 9020 1593 5425 5712 3615 8615 4344 2675 2121 3173 1787 93 9661 2451 4762 2380 7461 7478 911 3612 4134 8808 6991
2 6377 4469
27 2465 9626 7471 4630 3200 5240 8079 6601 4713 7315 5995 3790 8007 9534 3222 1026 4210 179 6976 1795 6554 1238 2908 185 6802 9454 2691
31 4078 219 9544 3317 5699 6000 4291 7208 6809 7636 4356 3735 1302 1715 5143 9779 5243 7802 1606 3076 9801 7625 8053 5750 6449 8205 571 7403 6147 3535 5460
9 4435 6794 2742 4830 5593 3694 3767 9489 8994
30 187 3655 5990 8574 4153 3554 7382 572 9262 1256 3165 5001 5630 3592 1499 3748 8165 8512 8162 1243 3996 3642 1556 8264 4189 2903 9736 6569 9606 9792
2 5983 773
3 3147 7613 5578
13 1040 8290 7314 6430 3325 7816 4249 5909 4810 3774 1821 2007 9569
16 7657 6044 9495 3512 1949 4913 8780 5635 5140 2237 9021 995 3516 6914 5821 2411
18 6663 6418 2928 4761 2382 8110 4744 5021 7316 9270 2923 7720 813 2858 5197 1893 4054 1088
23 4525 3667 6747 9806 780 9314 7492 5088 7457 8610 3496 2694 6873 5320 985 5327 8633 8365 312 3273 9507 5973 7700
2 2718 1344
25 7070 6662 3029 5748 2440 6498 1693 5409 8272 5603 3476 3547 5976 1253 7071 9170 3060 1895 5912 5773 5316 6594 4479 4341 590
19 6689 2589 7585 8448 1777 7663 2406 9505 4496 3216 5734 8061 8215 9726 8240 9184 9714 1341 7789
21 3629 1794 4959 2118 3544 1797 5690 7448 9652 4561 8064 9072 1889 2283 7050 2902 8441 926 165 3347 3441
26 4839 8029 8426 4848 9353 9743 5601 7364 7282 2011 8214 9299 1283 1073 8270 2311 5430 9895 1258 4182 8246 9129 3791 9834 1115 3313
2 7804 1555
29 6670 7709 3951 9559 5777 4558 5627 3054 1352 775 9812 3394 1752 2078 8492 5878 8432 9448 7960 3704 4427 7607 5831 2976 8238 5545 6408 327 3745
30 1757 6361 5113 9813 2904 8521 6742 3701 7245 3513 9177 3974 833 2025 2835 7288 5733 8842 748 9807 5126 1694 1836 9039 1334 1599 2888 2947 3962 1708
28 88 6269 6493 206 439 1873 5779 7847 1232 7456 2107 1541 9221 918 3221 5689 7047 5754 5463 1877 7833 8295 4168 4076 8137 4165 4192 2186
32 474 4877 4437 5089 3462 9947 5620 7034 6814 5043 7745 6643 294 2374 4856 2332 714 970 8127 7004 339 5640 2002 9535 8221 2750 2165 6118 5472 794 4430 9214
5 8477 7891 1529 8553 6583
28 3607 6900 2791 7406 3475 9557 1175 5036 3482 3099 4828 6925 6751 2740 8917 1933 4322 1321 4603 5493 8663 1868 9689 7880 447 2120 2544 2890
4 423 789 1146 4301
7 1992 2324 6155 2112 7239 1695 4325
6 3371 2313 3334 9702 310 218
20 9847 2828 8447 8588 8614 6402 1553 3227 938 680 6397 8471 4572 7200 6725 1935 5248 4820 3611 9552
17 2247 6529 6851 6125 7337 4854 7988 8239 5556 6298 4100 6363 3324 2491 1751 9764 5683
31 2061 7064 7116 5636 69 7683 8681 6034 2585 9564 7309 147 138 2769 4701 3595 2299 5417 752 6736 5918 1444 3764 3662 340 6701 7895 7828 4683 8332 7958
19 303 9090 8774 6202 856 9100 2240 524 9810 5664 7363 8153 4051 1108 2759 4599 6521 7744 9124
29 8175 6767 7104 7648 9297 2934 9018 5228 7856 8737 7629 8945 808 9230 8307 7807 4351 2500 6947 1765 3407 5257 7038 5362 1975 7183 9434 7676 8154
23 606 1228 1625 2566 9575 5012 7246 1762 7096 3531 9553 6793 216 9894 6755 4900 4548 7295 6005 2302 3046 4799 994
5 6412 6150 5307 9019 943
26 9752 3333 9191 2539 4733 506 6969 4786 2979 3785 6098 7334 8126 4136 4614 870 6131 1347 8821 4668 5432 2069 8082 2926 1304 8019
16 3549 3527 6239 6473 3114 8188 867 4939 9644 742 9732 8340 486 31 3134 3702
18 8731 2531 8449 5282 1685 1474 3439 5764 880 776 3650 4373 1936 8759 3297 2698 9765 6170
17 4071 554 8892 6409 5054 2937 97 8998 2882 928 6540 3926 2481 631 5811 4320 1087
32 1138 5971 9851 5214 9926 4703 6842 8575 8504 46 8970 6094 9070 5101 1539 3925 4388 2443 3300 556 4974 4254 5745 4294 3303 6396 1661 2610 7881 8625 8336 4267
3 8711 4528 8330
19 9679 8698 5393 4349 511 354 4366 8506 285 3570 8906 6560 71 6564 620 9608 329 7524 2608
4 9619 1002 6515 9530
9 2883 3410 4255 9289 6762 379 6548 9049 7376
32 5335 7849 6457 2657 7580 3585 9450 8955 1324 1331 4384 74 8229 5967 6201 9103 3856 8729 2587 8749 5707 9437 5035 4529 9366 2485 3945 6941 4777 1440 1704 3978
34 3442 8787 7082 4833 4665 7572 665 2787 2741 8882 7746 6237 4944 4638 8760 4899 462 9163 2017 4632 9665 356 6267 5139 5030 3071 7310 3132 3501 8724 2257 3255 2303 4621
22 5235 9698 945 409 6413 4409 9037 7162 5087 2192 9607 4204 7352 3973 5980 9398 3728 2251 9997 5232 7228 6342
30 5868 2296 6004 1218 2537 1792 2250 8368 1587 7043 4858 8266 365 9433 6824 6281 3455 1446 8354 1775 3413 9843 1495 4363 2855 4700 5114 9176 1887 4370
27 7965 4056 1984 482 57 9620 4659 6336 3970 1859 1710 163 6085 2596 1914 996 5747 2872 9455 3034 1028 6892 2353 8279 3113 5047 314
18 1097 2166 5500 435 7579 494 2556 7680 6622 4992 9748 2876 5152 1481 3957 3742 7733 5293
22 2917 4536 3849 8410 8653 9819 9645 6630 3829 4072 3323 9026 3503 2894 1615 5401 5178 4148 8516 9004 3284 2530
39 5440 6780 1852 2626 9633 5212 3565 2077 7232 6705 2900 5766 1250 1583 2160 3247 7562 7915 9623 7532 3877 9479 1668 3551 1597 8286 2093 4251 9193 8537 6612 4463 7647 4988 8771 7734 2421 7540 1472
34 5717 1332 271 7372 975 2497 1386 5656 1733 9678 9466 3981 2648 1934 2910 5133 5385 1519 6459 9239 2236 8741 6180 2182 7544 4095 8388 4149 8291 426 410 8399 7644 1167
30 6277 6843 6924 4794 1200 3938 3542 5453 3215 2377 2578 9288 9268 6203 4060 4947 5396 4932 6555 5633 1214 2918 8866 9713 5739 7584 8877 7375 4 1962
26 8950 7455 2915 3426 6069 4656 2781 5837 3434 4244 9143 8072 5379 9939 8335 2354 4258 9081 8418 6108 7390 2877 5331 8943 6559 999
6 2720 3245 6200 9735 8788 1140
29 519 5881 7451 9320 8434 7312 2235 241 8403 9570 843 5792 9167 2209 3356 2461 5167 3136 528 9389 3941 3004 3248 6369 648 7427 1570 679 7058
14 3167 1447 5517 7102 6825 2954 7176 8661 1670 8200 3246 8929 3887 8119
26 9409 3049 5744 9602 655 3840 2409 66 9561 4355 8288 4406 3992 6578 964 2793 8248 5736 3431 8757 6624 317 8195 593 1839 3120
4 2432 4717 1785 9418
4 1269 9349 174 4949
17 9003 394 7224 533 3116 3468 105 6910 320 581 2269 6362 3964 5348 7899 8622 4241
5 7952 477 5295 4838 3861
30 3817 9820 8715 1955 7243 2967 1684 6048 9923 6213 1862 397 6106 8918 3174 3154 3447 6530 4748 9587 9867 1987 9206 3343 7333 1095 4611 5680 1327 2168
15 5693 3697 1697 5732 5662 3530 2480 9229 6462 1842 723 1442 9601 5604 1439
19 6541 7293 7768 5516 3680 2551 2857 369 8237 8023 9658 9929 1918 5098 3020 6349 6817 3848 4140
6 6901 1512 457 4065 1027 7458
3 7108 9763 4483
22 3307 9046 7357 6003 1628 1627 9751 9062 6962 6566 582 2546 9682 9664 1007 7157 6720 4510 4333 3718 4967 455
26 9976 6654 5698 8784 9705 2639 3789 7203 8876 9357 1779 8743 8721 4198 173 4852 5850 8522 3427 7452 1802 5937 8487 6070 2724 9461
25 9514 7186 9974 5541 6058 1272 2997 127 9458 7903 3905 6775 5730 5785 1654 2911 291 9973 2517 2968 3327 1241 6627 9061 2627
22 672 1414 7677 3821 8133 7190 645 5622 1660 8620 9784 2478 539 43 3980 2342 6169 1645 762 4220 6350 9827
12 6198 6656 5954 6567 881 388 8038 2710 3508 3272 9451 4390
26 2316 8489 8277 9890 7085 3036 2059 1294 2652 7769 4089 947 1591 7560 9780 8672 6224 4952 3419 269 5345 5536 4049 75 3041 4540
30 5445 4984 3160 6192 6718 8419 5351 1910 9202 5866 1443 8058 7843 7194 9362 7100 3813 5793 9053 7247 3526 4542 8685 8384 3052 2457 8723 4262 9198 1162
32 1066 1883 5818 9012 3816 483 5511 1106 4171 9134 3062 6593 1004 4104 9838 4964 3235 4710 3489 9945 487 4708 5496 2262 9835 8172 1080 3711 101 3075 1139 8495
3 1803 4646 6610
21 375 7188 6053 6420 4003 2323 5660 3952 6999 9513 2561 9542 4152 3081 8561 784 143 6032 4977 7154 2840
21 2571 1227 5856 428 267 146 5724 5374 5298 1944 7296 1818 1416 5330 5518 6099 6501 5431 5977 4551 707
18 2695 1492 4635 9586 849 657 2527 7014 5062 7368 7782 7844 9076 4412 9933 948 8718 3014
14 5192 3257 9267 935 984 6618 7778 4470 9541 6801 1713 9600 8433 2298
22 7561 9649 5487 7631 3375 4029 3818 9159 7274 4773 8063 8534 1525 2263 8170 7242 9338 7121 3322 3571 6405 4622
4 1315 9985 7684 6960
22 1515 696 8978 1221 9625 6454 2207 9394 2330 2246 4625 1042 8822 8304 6249 1703 3868 1594 9580 3304 1456 9380
33 6002 567 2106 2681 5757 4050 2570 3879 3477 4880 853 3839 8257 4767 777 2319 3847 6043 7651 9275 3599 9791 8393 4183 4488 8514 3428 7286 6391 9531 812 3749 2832
29 6263 7864 3196 245 9944 5892 5783 823 907 5193 5550 3754 1981 7918 9225 9630 2682 2739 6154 3820 4298 1490 8752 7983 176 8380 4962 2575 3588
29 7499 3540 9685 720 1233 6771 9492 7209 7276 6407 3465 4163 8193 4654 4272 4443 7397 1786 1707 3187 2987 3998 2127 2287 8651 3268 3250 3204 3586
23 1335 5027 3773 565 3966 9064 9410 1369 9964 6674 2037 2765 5502 2364 7706 4612 4972 7671 1408 2993 8355 9555 5286
21 7401 8458 4455 7430 6474 9457 3940 382 2110 5176 4012 7520 3805 4385 6887 2070 6792 6212 6840 1766 7986
33 9675 8213 328 6307 9045 7172 9164 9527 3636 5082 4930 9948 6367 1504 1392 9015 1317 5420 4423 803 7095 9699 4461 1413 9098 9728 5439 7106 7801 1235 9500 9911 2279
28 5300 7810 1100 9543 2399 3058 3026 7253 8523 6359 8860 5933 959 4628 5092 4845 6790 4176 2466 8322 5190 6899 9814 6302 2730 6979 4332 4929
28 700 7140 1635 5996 2605 1729 8042 1281 1245 7642 6344 9441 10 2373 916 5104 3736 8875 717 6516 2624 9178 6250 1837 2516 8057 3043 4120
27 713 5615 9768 8462 6128 4613 4035 3082 6698 1937 8500 7793 8293 6038 5166 450 973 4238 4001 6028 3558 16 1014 6653 3464 6388 8844
32 9084 3409 1251 8040 7870 6818 8059 3663 2776 5170 178 9641 3228 9298 4394 126 2244 6318 8598 6938 829 8349 5786 2083 9006 1112 2647 2761 7565 4032 7205 4994
26 8708 5858 2230 9874 9757 4028 2952 8671 2745 6657 659 3271 5250 6042 5184 5687 8469 5215 3125 9057 6417 3792 140 6978 3928 5173
13 4742 7198 874 1326 9179 9392 7679 576 2308 262 389 3809 3388
30 6831 1113 2335 3129 3108 172 3807 9538 8642 4664 4623 4353 15 7796 6625 2850 361 4280 9082 363 2469 9445 9395 915 860 4997 2266 7875 4649 9296
33 7475 1838 3170 2780 95 4410 3616 9419 3366 2919 1182 1081 6882 7271 8026 8550 7701 6866 8693 5925 1990 3563 8584 4368 6183 6378 5583 7826 3953 9161 1485 1585 4243
23 6815 6502 513 7446 3191 3414 2852 3122 6248 8097 1071 6146 3256 4025 1119 5103 7450 3911 4364 3637 6958 6819 5859
26 7429 3546 842 3991 5957 1460 2180 7916 4371 4724 6677 3750 2042 3776 9460 7917 850 2483 6688 8839 1086 79 7297 7268 1805 1377
32 7119 1384 3176 8309 3411 9769 2245 3270 7692 6280 7777 7761 3930 7933 3466 6064 9758 9671 5804 6977 5132 5284 6557 2716 1737 2435 8689 9025 8852 7590 3899 5174
8 3253 3311 1363 7662 39 384 5979 5254
21 1005 5218 9691 1313 656 9130 4017 5844 7078 9659 5794 7189 7741 1092 5412 362 2726 8508 763 1923 4162
30 5497 9402 2422 3403 4285 3666 7442 7882 2696 4756 2477 4884 3597 3186 4906 4647 8314 3074 3927 6506 5185 6949 574 2503 9656 8580 2540 5390 2393 8385
25 4214 8149 4223 502 950 2663 4615 4503 6832 5070 8160 65 6513 9978 5106 9211 6611 4600 7518 756 8275 3219 5845 8122 9304
20 4094 9733 5710 6255 2036 2178 9647 3867 550 6301 243 5000 8357 1385 1659 2474 6717 9567 9770 464
6 3693 9920 9636 8546 5780 240
32 2920 1323 9306 8198 3105 7567 7698 832 9617 6896 3746 4347 1476 1264 7866 1308 800 6218 4963 8583 217 5363 3018 3766 3881 7980 5623 3084 2779 347 9906 8556
26 622 9166 5510 9631 8823 596 2181 1215 5579 6716 4532 6157 3959 3968 8325 2334 3387 2763 4835 7426 259 9154 7139 4926 9700 2225
17 117 6139 5112 4482 5917 4862 9836 2760 6907 7707 9055 6072 4763 8251 7784 9609 8923
32 9707 3918 3891 5285 8285 5719 3420 4585 3435 6270 1211 5835 509 3305 3039 9333 1310 2197 9946 7853 3485 8778 2801 1954 3350 7661 555 7739 2501 7202 7758 9990
35 8329 7028 6304 248 4225 4016 6425 3370 6182 4643 8030 2362 2404 2875 6865 1912 6120 4486 2633 6983 1649 855 8476 1945 9400 9194 473 96 8358 8311 6791 3660 1301 2597 2295
23 568 6189 7428 1804 6186 4658 5628 6805 2809 8182 816 6820 1814 6264 4439 6010 7233 2815 3788 6445 1479 1983 7906
16 4601 8024 3572 1186 2470 952 8667 1709 5658 1035 8632 589 3890 8885 5404 7713
6 5086 7020 1959 1143 7506 766
29 5299 9935 5746 697 3083 6352 7685 100 7732 6672 6331 2048 9038 1368 1688 1307 5577 8931 3730 564 2929 2572 1760 5551 6372 2564 6232 737 2961
18 2135 8783 8629 5829 7884 6009 2368 4584 8481 9880 8115 905 4175 879 6614 1744 7410 5334
31 1305 1407 9595 4109 4246 2992 4396 9610 9033 4034 7445 4775 8659 402 4472 3593 7798 2087 4754 3506 9991 2001 2350 6235 4769 1636 8366 2692 4576 6721 1300
27 8640 7435 3329 1054 8554 2577 992 4605 7941 5031 987 6898 1448 9205 5625 4850 1535 45 6869 4757 869 6531 289 9099 9676 3954 9374
13 8102 9463 6875 5711 3778 643 7609 7483 3389 5498 6499 3111 3028
20 4379 5227 1674 5507 9549 6356 4595 8493 76 2370 5171 5763 4936 8394 1808 5272 5652 1536 5637 722
28 8703 4873 2293 3541 7236 2425 3842 6101 5838 5861 9264 8051 6683 4073 1424 4715 1769 3158 9582 7979 673 1526 1059 7416 5115 3543 2019 5855
28 3855 7114 3424 9078 1997 6856 8034 9832 2613 9263 7048 272 3079 1946 5005 3919 28 6432 9431 1732 5624 5530 2098 9891 1025 3656 2586 9596
22 2949 3005 9412 9815 1 8529 3345 7344 9238 6056 8431 686 2284 80 2018 4436 2381 5489 2326 3390 1074 1646
26 8310 6485 9087 4502 3605 8989 8187 2105 444 9822 1393 2057 1590 5097 9112 8081 226 3852 3063 2529 1927 6782 6929 4697 5714 3012
14 7861 3249 965 4107 6173 1565 1016 5864 7650 5950 6988 1427 6514 3552
2 306 180
10 677 8932 2147 8348 7534 8028 3986 3161 5281 9750
23 5860 7687 3976 4720 9464 9949 208 3102 979 1979 9321 4212 4712 7250 6229 8121 6761 3023 2865 4996 9123 5361 9677
13 6916 19 2642 7557 3433 9897 3507 613 6509 9509 9999 6207 5891
23 4059 8557 4200 7255 6503 4645 5913 3393 5684 4074 774 744 2431 9755 8914 3209 6335 5146 7705 9024 7902 7437 7173
21 4494 2603 2520 1260 9042 6537 708 4274 2907 2670 7090 78 2004 9588 4991 6145 4261 1064 6917 5471 3690
9 9325 3276 209 9804 415 7068 2191 5573 89
30 7956 3651 5466 3830 7874 3885 9872 9127 3098 1985 8018 4117 5998 9908 2291 1047 8299 3935 6787 7027 2849 2488 4995 2685 8964 2594 2794 7042 5740 8282
17 4150 3990 3865 7000 3537 5169 7971 6297 4698 3178 8297 7771 8139 9648 8949 8411 432
26 1543 2233 166 6265 2305 8772 2464 7477 5045 106 2525 8662 2548 5117 7130 1187 8805 7945 6972 8011 8451 2886 9266 5661 4133 424
16 4008 6404 8370 5090 3398 7019 7275 819 2851 4898 7767 4144 1478 6845 2463 8490
19 9140 8302 5049 4228 378 5287 9158 5465 9474 4358 8881 1533 9621 6935 9257 258 8430 8862 2032
22 6783 190 4112 5025 6012 7494 9273 5962 6172 4832 8767 5268 1371 4173 2524 9756 8623 6768 6631 6676 788 4042
27 9888 3236 4170 4673 4202 5539 5135 6346 9481 4328 4159 4539 1394 7718 5258 6014 4876 1811 2514 2027 1484 1991 6096 5474 6621 7033 1052
4 5245 4048 23 4417
13 9305 817 1142 2896 8995 6484 6319 594 6129 264 8982 8606 2593
9 1978 6135 4624 7097 6480 636 8793 7655 7432
20 6807 8630 5060 2881 4141 607 8353 1864 8339 1431 4569 1229 8936 8845 7059 6214 1663 5949 2819 6191
21 7928 7993 6168 8157 6021 6729 7386 876 254 7926 9397 8010 4468 9047 3889 3363 6015 702 3591 804 4968
15 3156 3294 2074 9613 8298 9232 5064 8819 2805 5705 5997 5828 4052 8278 4177
28 6228 1170 3067 128 9696 956 8796 3038 2732 7263 969 2156 1531 1871 4582 7351 3159 471 2111 3142 5078 4284 7343 5109 5935 3687 7813 2049
19 7399 1609 493 284 5156 141 2128 377 4824 7757 2768 5639 5570 3504 3548 1077 6287 6465 6795
28 3030 8158 2963 5554 4920 5566 381 1496 8595 7066 8505 1176 6696 8705 495 1572 9422 9961 8065 5703 1390 8753 6368 1195 8579 5870 6221 4306
20 7040 4387 9556 326 1508 4481 871 7010 6426 8843 2063 9943 4082 288 7053 4753 3166 8888 5819 5758
21 3555 7156 1524 2216 7710 5751 9364 8782 4971 9379 4235 4335 3682 9471 5223 7127 1303 7989 4069 4716 4846
13 3444 7329 9845 5347 1046 6274 4559 6692 9686 6382 9519 0 5813
35 4618 1637 892 6450 6029 6316 1491 2799 4544 529 6967 2360 4834 9729 9844 2467 9785 4009 7615 9716 8161 634 3198 1672 875 1268 3007 4389 5772 8765 3344 5542 6472 371 321
21 273 1406 6068 2783 8991 9681 5366 2790 1051 7490 7672 6102 8549 8565 2071 8900 3492 7241 2922 2134 1931
22 6695 9405 6786 3066 9512 6615 4063 9731 5221 4314 946 8009 1342 1925 5820 9102 9599 1213 2697 7634 2703 8959
27 8962 658 3024 7249 802 8791 6985 5584 380 6081 3469 7381 9303 3714 694 201 6561 1432 6759 5676 5787 6606 6148 82 5469 8424 9673
20 2869 726 7546 839 4020 4914 6251 967 1561 7898 614 183 5080 3810 14 2668 3771 3688 8083 6603
33 6724 5491 8713 7975 9144 6749 4297 6638 3993 3784 7808 2290 2164 1461 202 6746 5992 255 5052 8233 745 9236 9219 334 7168 1259 1520 4886 8180 7289 543 1488 9210
23 3869 5727 2784 7637 5663 2442 8445 6066 7143 9624 7065 7904 1094 2204 6309 2124 9856 5749 2196 5159 9721 5825 5108
23 734 1784 8548 8835 8868 5107 422 5238 2702 3210 7727 2715 5520 4915 5181 3359 750 367 9147 8893 3835 2277 3259
17 9393 7612 661 4807 7193 3169 2173 8099 6104 5391 5561 4727 1216 3864 4823 831 2677
19 7463 1860 3368 601 7174 7342 7037 3278 7610 5373 5877 2142 9253 6371 5776 1180 1633 8891 2983
8 4855 1773 6669 6645 2171 1433 5975 9910
5 8518 3758 7196 2412 641
6 9216 6740 5377 6744 7015 3870
3 6745 1381 2866
20 84 3197 8979 8803 6141 6078 7665 578 2893 4840 6116 6543 6225 1033 8276 8231 2592 9058 188 1204
4 4377 5562 7972 2620
18 5769 3826 3779 5621 2754 3181 2966 5134 1428 7510 7536 4500 5898 6687 7623 4174 9146 5020
22 920 3640 4184 4299 9657 6119 9068 4119 425 1891 7164 991 5597 815 7023 2795 1225 764 4230 298 1085 5900
25 4637 9347 8274 4207 5602 2999 2033 4099 6279 5099 5201 6059 8437 2016 9152 6511 2088 1156 7290 4447 2133 9660 7719 8265 1036
30 769 2738 2143 41 417 1601 8831 7785 300 3451 5632 3044 4453 6921 2535 4651 5019 1690 4166 2447 7358 2744 4928 6661 5095 4339 5157 3832 5224 9970
1 4887
23 4090 7889 6164 3632 164 330 6380 5279 6243 7872 6880 5486 9697 3360 2091 9903 647 1759 5946 1473 5202 9290 8947
24 3988 4693 6756 1518 9524 8155 1845 4256 8263 1299 40 4608 9231 4442 8720 1486 5118 205 6074 4901 5836 7968 7115 1559
27 4307 1605 3459 3263 3915 2651 6648 1349 5400 9896 1791 3845 9029 3625 6773 1749 9989 3613 9413 5549 1915 4961 8260 5121 3264 8466 8756
20 1833 6884 3396 6220 2982 633 156 6582 6769 5941 5908 7556 3091 9578 7850 8341 8156 6112 6241 4752
16 4842 5387 7927 498 2000 4123 8809 8830 1513 6387 1316 4465 4580 5812 2502 1009
24 222 4208 8203 8536 7668 9118 8259 252 9151 1831 9054 5340 836 2749 223 604 7688 1878 191 5897 7996 3019 7252 2666
6 6706 2424 9011 6293 8111 2177
22 5885 4583 6206 9105 9654 753 3802 2602 8413 7488 7142 8284 9175 8006 5346 2379 2202 6482 7051 9501 7731 9097
16 6961 1438 442 9487 6575 5124 6333 1736 5384 7753 8975 3515 5141 6477 6217 3620
19 957 5237 6410 6475 1977 348 5994 2315 5094 5801 9376 8526 8828 7511 1623 6311 712 5294 9484
16 4894 1024 1177 977 1835 5557 2693 894 4135 4438 3337 2476 3265 3298 7182 2172
26 24 3596 6741 8382 1500 3906 7759 2126 7729 6932 3811 3782 6447 2144 7265 8294 787 6545 2792 5634 5450 669 1961 4311 2946 1044
25 29 3579 1588 6942 6903 9712 4990 990 9284 4924 9056 9421 515 9718 3374 7291 651 4367 4401 2344 9493 4976 1969 3825 1573
27 1664 7320 3601 1640 290 32 6261 942 5701 2543 2969 7931 6848 9358 242 7800 3590 4030 2050 3206 1754 5761 7304 2249 4079 9885 4538
6 297 6735 3557 908 8571 9914
3 2944 4520 3827
8 2356 7398 1970 2056 1676 1459 5919 3367
6 8204 864 9744 2981 7383 923
2 8088 8596
19 5424 8736 3910 4686 3453 6133 7555 4433 538 3292 2684 8473 6894 1400 5580 1280 7859 8319 5003
22 268 7287 6455 5626 2686 559 6132 3524 3211 5610 1819 8004 6325 3320 8971 324 2970 7577 8249 690 8870 5896
21 2559 9406 481 3050 4938 6886 1181 1160 3429 7080 9324 6602 1538 7408 5505 2136 9708 360 6384 7467 5531
22 961 4781 4164 1904 2916 982 4639 9156 7516 7614 6452 1034 2844 6282 8202 706 5010 6035 4691 8391 6051 8331
5 9283 5721 9579 7453 1022
5 372 8792 233 3824 4868
30 1888 1013 2957 8351 7737 9511 9116 5267 2831 5116 3904 7366 2402 5619 5016 3487 1262 9958 8927 7736 8483 9373 3600 7530 5546 9898 2839 398 7937 9172
7 2986 7210 2649 7152 7113 1956 3638
18 8520 2538 8902 951 4953 6089 772 8798 6868 3536 4925 884 4015 7947 8702 438 7601 4281
26 8342 2942 2975 8346 9628 2856 3119 8191 2673 3532 6268 2796 2498 9583 293 8281 7962 5053 5590 8658 4563 9668 5753 2940 4292 7181
31 8840 8484 7117 6296 7602 8637 5352 5263 704 3326 5014 9612 3146 5386 6386 3449 5482 1604 3630 4817 8417 2347 4395 9399 7388 7863 6726 8181 9669 9051 5427
1 2591
3 1874 3341 1545
22 541 5808 1530 1655 6984 6023 8412 4872 2407 9849 9826 7094 3844 2162 8745 4672 2637 488 2376 9829 1480 3619
3 1194 5371 7362
4 445 7379 9186 6018
8 3281 7180 7373 6076 5679 3751 9740 2448
9 9523 3138 9385 1252 6222 5426 4523 5742 3288
16 9799 8459 3354 6634 8035 3669 799 7501 684 7528 4191 7218 4774 440 9585 3741
16 2008 5743 9274 933 4205 3338 6850 5211 4043 9403 5851 5802 1021 9301 8397 3850
5 8395 2026 211 3086 8000
2 476 8730
34 3149 6849 9666 3786 3875 7323 7883 5187 8854 3958 6589 6639 3896 2292 3505 1861 1320 3686 2978 7077 9688 8846 1770 2351 51 3171 341 434 6343 3301 4610 931 8226 9259
2 1399 4793
24 4143 8262 4194 9830 98 8768 2653 6013 6121 6178 4340 1781 9739 1358 8525 6813 54 3280 6323 7057 8078 4759 4158 2664
13 3471 5213 2495 2825 5344 584 2977 3145 9848 8679 6520 1015 251
2 1778 9824
20 55 8020 3092 4826 7690 376 8665 353 2612 2645 6184 1772 25 7367 3056 2822 9787 5653 1939 247
13 5341 4511 1564 4405 7438 8996 8815 3027 4419 7280 7600 8070 807
3 9864 7284 1246
25 6115 9052 2711 1908 1723 9182 3721 3759 1700 8987 1679 5708 8475 8343 4092 3700 2820 8678 6766 1058 844 2879 7459 2289 8867
7 2912 1651 332 4450 5914 2099 1998
23 4687 3575 6159 4875 8747 761 1487 1746 1098 5481 3031 3293 7062 2433 7504 4381 7892 5378 8503 7673 6481 2203 2550
30 2576 2123 2511 7666 5668 1963 475 7901 3290 691 4989 4236 2229 235 4825 4747 2991 6142 3223 1397 5612 5930 8608 8944 5313 5926 5759 6478 8438 1865
3 5332 1844 7621
30 5598 7230 3989 8915 5888 266 7922 9537 7730 1846 5899 8014 9192 5247 889 4232 6020 9435 6037 5414 4239 664 4375 2778 5354 8590 9904 1318 2552 6077
4 6913 3193 6591 4604
30 4788 2079 3461 9286 9680 3319 6398 1884 4485 7278 461 3657 1466 9157 936 8551 1296 456 3598 5993 9745 1153 5671 4386 785 1388 8716 416 5932 3016
22 4346 9452 5890 7867 9345 8937 3117 1768 6041 6389 4768 5559 8107 6431 3006 5961 7878 3900 3180 1350 5893 1722
22 157 902 5540 1843 2333 9477 1613 7558 115 9322 8150 8986 7192 9821 3634 3794 73 6291 3533 6093 6065 6644
1 7110
3 1973 7909 4420
17 5161 9996 2782 9071 2654 2075 3685 6699 5470 940 1666 2510 3733 3633 427 2998 1367
1 5982
24 4495 2536 5189 718 640 3583 161 6989 1475 9031 2052 2931 3137 6617 4345 4004 2428 5648 6535 2836 2131 13 9831 1569
20 3103 7129 8224 210 3502 2473 7762 8585 9639 6974 6495 2285 2405 4492 4380 4808 8836 4779 8838 4432
24 6160 699 1489 1240 2261 152 2217 8652 4441 7830 1199 1702 1551 6823 8201 5 1919 1126 4934 9960 5889 4040 9465 7722
21 9581 3148 277 8464 4245 5495 6313 7425 542 7392 2729 257 2499 1056 1894 6616 2629 770 8206 828 8641
26 1735 8055 9255 7086 6710 5303 6927 9276 4477 6460 1166 2439 3213 8444 9547 198 5416 1712 2258 7919 9010 4061 3965 4554 7413 5370
5 6965 8073 2751 4736 2709
17 1866 8739 5887 7934 6966 6597 6904 3135 8031 7195 8886 2155 8999 3703 1285 962 4286
26 6424 9852 9627 1986 4115 6538 9761 9858 3609 8510 6134 6883 7009 6874 7790 8016 8199 1764 7954 5236 8478 1231 5978 2329 9281 3914
29 2941 8848 200 4980 4064 9795 8795 8367 9242 709 3261 4302 6571 2184 6406 2935 2995 4626 6324 8032 9197 5928 3822 1149 5044 8409 8436 7533 1506
23 5716 7553 2401 1830 4602 7628 3194 8190 7503 2867 8904 7259 7101 7978 2936 9453 9615 1144 4577 5563 9220 805 7472
28 580 2714 9401 3490 5182 4137 895 6272 2320 9952 8864 1960 736 4365 2762 6859 9762 3525 207 7756 7970 7136 4116 9067 3644 467 3101 2755
18 585 7512 1995 2132 1634 7811 2115 2630 2021 3699 155 2619 9760 5151 4530 5883 1699 4844
3 499 1626 7482
24 8406 1372 4575 199 1550 5234 7840 2119 7693 2948 4722 7842 1041 322 9899 1409 8345 8837 5048 4570 5599 7017 9909 5063
15 2020 739 7248 35 9138 1721 4068 6581 4950 7153 7835 5325 5296 6 3903
2 2660 4818
15 5381 400 4507 2031 6244 81 1947 2125 7599 2678 4361 687 8568 6665 446
28 7141 5358 8573 7876 782 1863 6305 7912 8938 5100 3675 355 6722 1747 7999 4985 2148 4362 2378 9040 5618 5644 1641 3184 1726 5447 3408 8147
15 7799 3104 6536 3566 9737 5260 6114 2122 1682 8048 1131 4275 5147 7146 8581
20 8728 4428 6951 4404 4940 6580 7387 8909 3752 5380 134 9456 1554 9672 5461 7836 9924 2310 6576 1129
19 8179 2641 8786 6550 5650 6512 3205 7498 6562 3534 1854 7854 6259 5762 2096 5198 8666 535 3643
19 9979 6877 2198 3445 7686 9576 6946 9741 21 592 3438 9966 9245 8356 5475 6046 6470 6152 1579
23 3008 2436 4196 6922 846 5291 8379 120 2270 1096 4965 5582 4730 3917 9653 4169 7775 5084 6895 898 6242 6113 7460
15 7640 8425 3510 5816 6523 1346 249 6416 3689 6830 3312 9921 8080 6911 6060
13 6607 8586 6327 6340 3232 3315 8244 3635 1789 605 4022 1586 8722
33 9901 6658 4935 4867 1994 8219 6739 6652 1079 9742 2275 715 5074 1521 2104 8017 1741 7046 6117 4218 2242 5339 4053 1083 6588 3342 2064 9034 6954 4093 3365 3934 8472
5 7911 8104 3739 6238 835
33 3457 6123 9965 1223 9104 4376 8128 1647 751 4541 6422 9165 8631 2220 4087 3661 5154 9337 7735 2215 7160 5945 6577 7419 6709 7786 6468 2194 1793 3559 5805 7645 5210
3 7346 7809 6090
14 3743 4648 8254 7277 7994 4636 4802 688 6855 9258 7519 9048 9986 6348
2 3539 3207
32 6456 2788 608 3866 7554 8093 4101 5799 8973 7171 2453 6393 4019 612 8755 1383 5357 9447 5349 5823 1853 5203 3481 2579 8528 5467 2226 6897 9139 9131 4616 4506
34 5406 9473 4233 1276 9254 1201 611 4007 8951 2802 4888 8151 352 4594 9228 586 5959 2580 6953 3013 9423 3376 4473 1078 2475 7201 9060 8498 7052 7240 3231 261 2271 778
23 3025 9128 8832 2973 4782 5678 7479 8094 674 1364 5306 412 6262 8344 5136 2889 5638 6427 1582 9307 944 6788 3478
2 364 3491
3 873 4138 7075
15 7229 8566 212 507 6399 4415 350 624 6995 3061 6320 7997 1356 8934 6518
4 7088 1421 8719 9693
24 489 4260 9282 168 3783 2060 8785 1453 8687 6727 4221 9998 9919 8359 654 7420 1049 4431 5229 3681 9336 2492 3015 8700
23 3692 8021 3947 5686 3972 5428 8037 7633 7466 4937 8624 7588 7285 6572 9883 1423 2003 2676 8657 3042 8374 8414 9117
23 6649 2512 1869 5955 7787 6357 5375 7134 883 7659 8218 8108 9363 7521 2416 4252 5338 1899 5581 2100 7943 4416 7436
23 2774 5572 8328 448 8085 1913 3949 1415 7697 4224 3454 2722 1976 470 3001 1298 351 7031 4956 5737 5130 9977 8618
16 8509 1090 2690 1111 9497 6062 5809 698 9462 600 5255 9788 6889 2806 8726 6127
36 583 8209 7792 5535 419 119 2635 2600 2352 3795 1686 1968 6476 7103 8801 2534 1756 7879 887 6176 6376 2254 727 5943 7244 9957 1130 7674 7338 333 9355 6826 1783 7606 1825 1089
32 61 1630 5369 6711 3602 5477 2041 102 4764 3364 2753 4213 2842 6902 7823 2737 4770 1905 116 8954 6847 904 5217 2348 9367 3797 9967 8616 7551 4785 9079 5264
4 5343 4836 9249 2265
38 5304 6199 5006 9805 8338 9951 3047 4806 8530 1557 5422 552 9546 8742 1263 4798 886 4871 5462 1338 8650 2345 1236 5862 5083 4565 1237 338 6230 2116 9013 8812 7003 2545 4167 3405 861 3985
30 6694 4885 1030 5205 135 6338 6446 4318 2771 1189 8542 6161 9790 2366 8933 6679 8903 3738 1957 7622 6054 919 9439 7591 1351 4505 5872 7897 6525 3888
8 6633 4084 854 6647 2343 2359 5985 1018
13 741 5875 6547 7380 1422 454 5317 7635 2582 3330 3252 6441 6365
2 4011 7061
17 1528 5359 9030 4705 3051 8167 4819 7940 4121 5350 7497 9548 4751 5669 5533 1652 3755
19 5222 4706 9869 7226 8194 2984 3624 7267 7630 6678 1322 3519 2454 2092 9642 4735 5322 7069 6087
30 1993 6110 530 5120 8856 6438 7211 9375 1311 9684 949 8316 1639 1396 8460 2248 8141 6945 5852 505 167 4108 7523 3234 305 8501 1287 8405 8777 2959
2 368 7025
16 4586 6752 1267 2338 9180 6247 230 9754 5072 1882 7056 9528 1940 1118 4127 8113
20 8420 2006 4661 4088 4957 5674 7643 3731 3432 7749 9083 9862 7930 5842 8389 4812 3118 2773 1705 2964
17 1353 4537 8207 8940 9199 2706 9817 852 2777 1289 4122 7703 1426 1847 8948 6322 4231
2 5091 9723
2 7355 9868
3 4467 8253 7760
4 7877 1206 3230 7522
8 4066 6329 6245 5158 4709 137 8599 4321
17 8564 5948 6765 6563 4704 9381 5782 8820 3277 6226 8946 4573 8704 4005 7476 5376 3737
27 7318 6558 7638 9640 4250 9738 6024 1169 8694 8827 9089 2444 6312 153 8258 8387 6303 7328 8922 1362 4193 8790 8142 8701 8507 411 4568
14 8559 109 4863 1102 7535 6197 8326 129 8958 9663 2812 8762 1642 5646
3 7347 2430 4329
23 8189 315 3188 2518 2731 986 595 5405 8953 2234 2557 4942 5810 9092 9295 2487 33 1219 8825 7165 1060 4157 7669
33 8675 627 2455 7574 9562 6392 1667 92 8176 8116 8220 5576 1872 2264 5670 6211 5527 5364 1964 3796 2553 1457 9050 2728 7597 5694 2460 3422 2372 3756 7991 7225 3863
2 6879 5968
3 3291 1922 7990
33 3564 8699 4910 7465 3921 4869 2140 4372 4607 8555 374 1595 2054 7167 6451 9302 2139 1753 5208 9384 6864 7942 5904 1566 9930 8880 3266 3971 899 6354 443 7885 7235
2 9954 2445
18 2327 2426 3603 3740 5830 553 9478 3722 8935 26 1132 9865 609 5509 8619 2337 7496 7036
26 9411 2357 9469 3717 830 5503 3493 7135 6188 4397 1568 4114 7763 9798 6928 3395 7667 6936 6276 6435 8849 9467 5312 392 7011 8969